<?xml version="1.0" encoding="UTF-8"?>
<!-- Generated by org.testng.reporters.JUnitXMLReporter -->
<testsuite hostname="LAPTOP-RBEIEIR0" ignored="3" name="Test" tests="4" failures="0" timestamp="2020-10-05T10:41:00 IST" time="0.1" errors="0">
  <testcase name="test2" time="0.016" classname="com.demoTesting.Maven.Maven.testingProject.include"/>
  <testcase name="test3" time="0.002" classname="com.demoTesting.Maven.Maven.testingProject.include"/>
  <testcase name="bye" time="0.002" classname="com.demoTesting.Maven.Maven.testingProject.demo1"/>
  <testcase name="hello" time="0.002" classname="com.demoTesting.Maven.Maven.testingProject.demo1"/>
  <testcase name="test4" time="0.0" classname="com.demoTesting.Maven.Maven.testingProject.include">
    <ignored/>
  </testcase> <!-- test4 -->
  <testcase name="hai" time="0.0" classname="com.demoTesting.Maven.Maven.testingProject.demo1">
    <ignored/>
  </testcase> <!-- hai -->
  <testcase name="test1" time="0.0" classname="com.demoTesting.Maven.Maven.testingProject.include">
    <ignored/>
  </testcase> <!-- test1 -->
</testsuite> <!-- Test -->
