<?xml version="1.0" encoding="UTF-8"?>
<testng-results skipped="0" failed="0" ignored="0" total="1" passed="1">
  <reporter-output>
  </reporter-output>
  <suite name="Default suite" duration-ms="12418" started-at="2020-10-12T16:33:32 IST" finished-at="2020-10-12T16:33:45 IST">
    <groups>
    </groups>
    <test name="Default test" duration-ms="12418" started-at="2020-10-12T16:33:32 IST" finished-at="2020-10-12T16:33:45 IST">
      <class name="com.demoTesting.Maven.Maven.testingProject.Extentreports">
        <test-method status="PASS" signature="config()[pri:0, instance:com.demoTesting.Maven.Maven.testingProject.Extentreports@2a17b7b6]" name="config" is-config="true" duration-ms="563" started-at="2020-10-12T16:33:32 IST" finished-at="2020-10-12T16:33:33 IST">
          <reporter-output>
          </reporter-output>
        </test-method> <!-- config -->
        <test-method status="PASS" signature="demo()[pri:0, instance:com.demoTesting.Maven.Maven.testingProject.Extentreports@2a17b7b6]" name="demo" duration-ms="11799" started-at="2020-10-12T16:33:33 IST" finished-at="2020-10-12T16:33:45 IST">
          <reporter-output>
          </reporter-output>
        </test-method> <!-- demo -->
      </class> <!-- com.demoTesting.Maven.Maven.testingProject.Extentreports -->
    </test> <!-- Default test -->
  </suite> <!-- Default suite -->
</testng-results>
